<?xml version="1.0" encoding="UTF-8"?>
<testng-results ignored="0" total="14" passed="12" failed="1" skipped="1">
  <reporter-output>
  </reporter-output>
  <suite started-at="2023-05-11T21:59:51 IST" name="Free CRM Automation Test" finished-at="2023-05-11T22:11:30 IST" duration-ms="699635">
    <groups>
    </groups>
    <test started-at="2023-05-11T21:59:51 IST" name="Free CRM Test Cases" finished-at="2023-05-11T22:11:30 IST" duration-ms="699635">
      <class name="com.CRM.QA.TestCases.LoginPageTest">
        <test-method is-config="true" signature="setup()[pri:0, instance:com.CRM.QA.TestCases.LoginPageTest@6c64cb25]" started-at="2023-05-11T21:59:51 IST" name="setup" finished-at="2023-05-11T22:00:17 IST" duration-ms="25943" status="PASS">
          <reporter-output>
          </reporter-output>
        </test-method> <!-- setup -->
        <test-method signature="ValidateloginpageTitleTest()[pri:1, instance:com.CRM.QA.TestCases.LoginPageTest@6c64cb25]" started-at="2023-05-11T22:00:17 IST" name="ValidateloginpageTitleTest" finished-at="2023-05-11T22:00:17 IST" duration-ms="35" status="FAIL">
          <exception class="java.lang.AssertionError">
            <message>
              <![CDATA[expected [Free CRM  - CRM software for customer relationship management, sales, and support.] but found [Free CRM - CRM software for customer relationship management, sales, and support.]]]>
            </message>
            <full-stacktrace>
              <![CDATA[java.lang.AssertionError: expected [Free CRM  - CRM software for customer relationship management, sales, and support.] but found [Free CRM - CRM software for customer relationship management, sales, and support.]
at org.testng.Assert.fail(Assert.java:99)
at org.testng.Assert.failNotEquals(Assert.java:1037)
at org.testng.Assert.assertEqualsImpl(Assert.java:140)
at org.testng.Assert.assertEquals(Assert.java:122)
at org.testng.Assert.assertEquals(Assert.java:629)
at org.testng.Assert.assertEquals(Assert.java:639)
at com.CRM.QA.TestCases.LoginPageTest.ValidateloginpageTitleTest(LoginPageTest.java:28)
at java.base/jdk.internal.reflect.DirectMethodHandleAccessor.invoke(DirectMethodHandleAccessor.java:104)
at java.base/java.lang.reflect.Method.invoke(Method.java:578)
at org.testng.internal.MethodInvocationHelper.invokeMethod(MethodInvocationHelper.java:133)
at org.testng.internal.TestInvoker.invokeMethod(TestInvoker.java:598)
at org.testng.internal.TestInvoker.invokeTestMethod(TestInvoker.java:173)
at org.testng.internal.MethodRunner.runInSequence(MethodRunner.java:46)
at org.testng.internal.TestInvoker$MethodInvocationAgent.invoke(TestInvoker.java:824)
at org.testng.internal.TestInvoker.invokeTestMethods(TestInvoker.java:146)
at org.testng.internal.TestMethodWorker.invokeTestMethods(TestMethodWorker.java:146)
at org.testng.internal.TestMethodWorker.run(TestMethodWorker.java:128)
at java.base/java.util.ArrayList.forEach(ArrayList.java:1511)
at org.testng.TestRunner.privateRun(TestRunner.java:794)
at org.testng.TestRunner.run(TestRunner.java:596)
at org.testng.SuiteRunner.runTest(SuiteRunner.java:377)
at org.testng.SuiteRunner.runSequentially(SuiteRunner.java:371)
at org.testng.SuiteRunner.privateRun(SuiteRunner.java:332)
at org.testng.SuiteRunner.run(SuiteRunner.java:276)
at org.testng.SuiteRunnerWorker.runSuite(SuiteRunnerWorker.java:53)
at org.testng.SuiteRunnerWorker.run(SuiteRunnerWorker.java:96)
at org.testng.TestNG.runSuitesSequentially(TestNG.java:1212)
at org.testng.TestNG.runSuitesLocally(TestNG.java:1134)
at org.testng.TestNG.runSuites(TestNG.java:1063)
at org.testng.TestNG.run(TestNG.java:1031)
at org.testng.remote.AbstractRemoteTestNG.run(AbstractRemoteTestNG.java:115)
at org.testng.remote.RemoteTestNG.initAndRun(RemoteTestNG.java:251)
at org.testng.remote.RemoteTestNG.main(RemoteTestNG.java:77)
]]>
            </full-stacktrace>
          </exception> <!-- java.lang.AssertionError -->
          <reporter-output>
          </reporter-output>
        </test-method> <!-- ValidateloginpageTitleTest -->
        <test-method is-config="true" signature="TearDown()[pri:0, instance:com.CRM.QA.TestCases.LoginPageTest@6c64cb25]" started-at="2023-05-11T22:00:17 IST" name="TearDown" finished-at="2023-05-11T22:00:17 IST" duration-ms="198" status="PASS">
          <reporter-output>
          </reporter-output>
        </test-method> <!-- TearDown -->
        <test-method is-config="true" signature="setup()[pri:0, instance:com.CRM.QA.TestCases.LoginPageTest@6c64cb25]" started-at="2023-05-11T22:00:17 IST" name="setup" finished-at="2023-05-11T22:00:51 IST" duration-ms="33669" status="PASS">
          <reporter-output>
          </reporter-output>
        </test-method> <!-- setup -->
        <test-method signature="CrmlogoTest()[pri:2, instance:com.CRM.QA.TestCases.LoginPageTest@6c64cb25]" started-at="2023-05-11T22:00:51 IST" name="CrmlogoTest" finished-at="2023-05-11T22:00:51 IST" duration-ms="99" status="PASS">
          <reporter-output>
          </reporter-output>
        </test-method> <!-- CrmlogoTest -->
        <test-method is-config="true" signature="TearDown()[pri:0, instance:com.CRM.QA.TestCases.LoginPageTest@6c64cb25]" started-at="2023-05-11T22:00:51 IST" name="TearDown" finished-at="2023-05-11T22:00:51 IST" duration-ms="179" status="PASS">
          <reporter-output>
          </reporter-output>
        </test-method> <!-- TearDown -->
        <test-method is-config="true" signature="setup()[pri:0, instance:com.CRM.QA.TestCases.LoginPageTest@6c64cb25]" started-at="2023-05-11T22:00:51 IST" name="setup" finished-at="2023-05-11T22:02:08 IST" duration-ms="76863" status="PASS">
          <reporter-output>
          </reporter-output>
        </test-method> <!-- setup -->
        <test-method signature="loginTest()[pri:3, instance:com.CRM.QA.TestCases.LoginPageTest@6c64cb25]" started-at="2023-05-11T22:02:08 IST" name="loginTest" finished-at="2023-05-11T22:02:41 IST" duration-ms="33078" status="PASS">
          <reporter-output>
          </reporter-output>
        </test-method> <!-- loginTest -->
        <test-method is-config="true" signature="TearDown()[pri:0, instance:com.CRM.QA.TestCases.LoginPageTest@6c64cb25]" started-at="2023-05-11T22:02:41 IST" name="TearDown" finished-at="2023-05-11T22:02:41 IST" duration-ms="172" status="PASS">
          <reporter-output>
          </reporter-output>
        </test-method> <!-- TearDown -->
      </class> <!-- com.CRM.QA.TestCases.LoginPageTest -->
      <class name="com.CRM.QA.TestCases.HomePageTest">
        <test-method is-config="true" signature="SetUp()[pri:0, instance:com.CRM.QA.TestCases.HomePageTest@1bd4fdd]" started-at="2023-05-11T22:02:41 IST" name="SetUp" finished-at="2023-05-11T22:03:15 IST" duration-ms="33700" status="PASS">
          <reporter-output>
          </reporter-output>
        </test-method> <!-- SetUp -->
        <test-method signature="VerifyHomepageTitleTest()[pri:1, instance:com.CRM.QA.TestCases.HomePageTest@1bd4fdd]" started-at="2023-05-11T22:03:15 IST" name="VerifyHomepageTitleTest" finished-at="2023-05-11T22:03:15 IST" duration-ms="18" status="PASS">
          <reporter-output>
          </reporter-output>
        </test-method> <!-- VerifyHomepageTitleTest -->
        <test-method is-config="true" signature="TearDown()[pri:0, instance:com.CRM.QA.TestCases.HomePageTest@1bd4fdd]" started-at="2023-05-11T22:03:15 IST" name="TearDown" finished-at="2023-05-11T22:03:15 IST" duration-ms="183" status="PASS">
          <reporter-output>
          </reporter-output>
        </test-method> <!-- TearDown -->
        <test-method is-config="true" signature="SetUp()[pri:0, instance:com.CRM.QA.TestCases.HomePageTest@1bd4fdd]" started-at="2023-05-11T22:03:15 IST" name="SetUp" finished-at="2023-05-11T22:03:43 IST" duration-ms="27848" status="PASS">
          <reporter-output>
          </reporter-output>
        </test-method> <!-- SetUp -->
        <test-method signature="verifyUserPageableText()[pri:2, instance:com.CRM.QA.TestCases.HomePageTest@1bd4fdd]" started-at="2023-05-11T22:03:43 IST" name="verifyUserPageableText" finished-at="2023-05-11T22:03:43 IST" duration-ms="143" status="PASS">
          <reporter-output>
          </reporter-output>
        </test-method> <!-- verifyUserPageableText -->
        <test-method is-config="true" signature="TearDown()[pri:0, instance:com.CRM.QA.TestCases.HomePageTest@1bd4fdd]" started-at="2023-05-11T22:03:43 IST" name="TearDown" finished-at="2023-05-11T22:03:43 IST" duration-ms="236" status="PASS">
          <reporter-output>
          </reporter-output>
        </test-method> <!-- TearDown -->
        <test-method is-config="true" signature="SetUp()[pri:0, instance:com.CRM.QA.TestCases.HomePageTest@1bd4fdd]" started-at="2023-05-11T22:03:43 IST" name="SetUp" finished-at="2023-05-11T22:05:00 IST" duration-ms="76713" status="PASS">
          <reporter-output>
          </reporter-output>
        </test-method> <!-- SetUp -->
        <test-method signature="VerifyClickOnContactLink()[pri:3, instance:com.CRM.QA.TestCases.HomePageTest@1bd4fdd]" started-at="2023-05-11T22:05:00 IST" name="VerifyClickOnContactLink" finished-at="2023-05-11T22:05:06 IST" duration-ms="6276" status="PASS">
          <reporter-output>
          </reporter-output>
        </test-method> <!-- VerifyClickOnContactLink -->
        <test-method is-config="true" signature="TearDown()[pri:0, instance:com.CRM.QA.TestCases.HomePageTest@1bd4fdd]" started-at="2023-05-11T22:05:06 IST" name="TearDown" finished-at="2023-05-11T22:05:06 IST" duration-ms="222" status="PASS">
          <reporter-output>
          </reporter-output>
        </test-method> <!-- TearDown -->
        <test-method is-config="true" signature="SetUp()[pri:0, instance:com.CRM.QA.TestCases.HomePageTest@1bd4fdd]" started-at="2023-05-11T22:05:06 IST" name="SetUp" finished-at="2023-05-11T22:06:04 IST" duration-ms="57844" status="PASS">
          <reporter-output>
          </reporter-output>
        </test-method> <!-- SetUp -->
        <test-method signature="VerifyClickOnDealsLink()[pri:4, instance:com.CRM.QA.TestCases.HomePageTest@1bd4fdd]" started-at="2023-05-11T22:06:04 IST" name="VerifyClickOnDealsLink" finished-at="2023-05-11T22:06:10 IST" duration-ms="6150" status="PASS">
          <reporter-output>
          </reporter-output>
        </test-method> <!-- VerifyClickOnDealsLink -->
        <test-method is-config="true" signature="TearDown()[pri:0, instance:com.CRM.QA.TestCases.HomePageTest@1bd4fdd]" started-at="2023-05-11T22:06:10 IST" name="TearDown" finished-at="2023-05-11T22:06:11 IST" duration-ms="250" status="PASS">
          <reporter-output>
          </reporter-output>
        </test-method> <!-- TearDown -->
      </class> <!-- com.CRM.QA.TestCases.HomePageTest -->
      <class name="com.CRM.QA.TestCases.DealsPageTest">
        <test-method is-config="true" signature="SetUp()[pri:0, instance:com.CRM.QA.TestCases.DealsPageTest@4f83df68]" started-at="2023-05-11T22:07:43 IST" name="SetUp" finished-at="2023-05-11T22:08:50 IST" duration-ms="66804" status="PASS">
          <reporter-output>
          </reporter-output>
        </test-method> <!-- SetUp -->
        <test-method signature="VerifyDealsTest()[pri:1, instance:com.CRM.QA.TestCases.DealsPageTest@4f83df68]" started-at="2023-05-11T22:08:50 IST" name="VerifyDealsTest" finished-at="2023-05-11T22:09:00 IST" duration-ms="9497" status="PASS">
          <reporter-output>
          </reporter-output>
        </test-method> <!-- VerifyDealsTest -->
        <test-method is-config="true" signature="TearDown()[pri:0, instance:com.CRM.QA.TestCases.DealsPageTest@4f83df68]" started-at="2023-05-11T22:09:00 IST" name="TearDown" finished-at="2023-05-11T22:09:00 IST" duration-ms="242" status="PASS">
          <reporter-output>
          </reporter-output>
        </test-method> <!-- TearDown -->
        <test-method is-config="true" signature="SetUp()[pri:0, instance:com.CRM.QA.TestCases.DealsPageTest@4f83df68]" started-at="2023-05-11T22:09:00 IST" name="SetUp" finished-at="2023-05-11T22:09:37 IST" duration-ms="37357" status="PASS">
          <reporter-output>
          </reporter-output>
        </test-method> <!-- SetUp -->
        <test-method signature="CreateNewDealTest(java.lang.String,java.lang.String,java.lang.String,java.lang.String,java.lang.String)[pri:2, instance:com.CRM.QA.TestCases.DealsPageTest@4f83df68]" started-at="2023-05-11T22:09:37 IST" name="CreateNewDealTest" data-provider="getCRMtestData" finished-at="2023-05-11T22:09:48 IST" duration-ms="10498" status="PASS">
          <params>
            <param index="0">
              <value>
                <![CDATA[New]]>
              </value>
            </param>
            <param index="1">
              <value>
                <![CDATA[Ram]]>
              </value>
            </param>
            <param index="2">
              <value>
                <![CDATA[GOOGLE]]>
              </value>
            </param>
            <param index="3">
              <value>
                <![CDATA[9.695223665E9]]>
              </value>
            </param>
            <param index="4">
              <value>
                <![CDATA[50000.0]]>
              </value>
            </param>
          </params>
          <reporter-output>
          </reporter-output>
        </test-method> <!-- CreateNewDealTest -->
        <test-method is-config="true" signature="TearDown()[pri:0, instance:com.CRM.QA.TestCases.DealsPageTest@4f83df68]" started-at="2023-05-11T22:09:48 IST" name="TearDown" finished-at="2023-05-11T22:09:48 IST" duration-ms="246" status="PASS">
          <reporter-output>
          </reporter-output>
        </test-method> <!-- TearDown -->
        <test-method is-config="true" signature="SetUp()[pri:0, instance:com.CRM.QA.TestCases.DealsPageTest@4f83df68]" started-at="2023-05-11T22:09:48 IST" name="SetUp" finished-at="2023-05-11T22:10:25 IST" duration-ms="36810" status="PASS">
          <reporter-output>
          </reporter-output>
        </test-method> <!-- SetUp -->
        <test-method signature="CreateNewDealTest(java.lang.String,java.lang.String,java.lang.String,java.lang.String,java.lang.String)[pri:2, instance:com.CRM.QA.TestCases.DealsPageTest@4f83df68]" started-at="2023-05-11T22:10:25 IST" name="CreateNewDealTest" data-provider="getCRMtestData" finished-at="2023-05-11T22:10:34 IST" duration-ms="9716" status="PASS">
          <params>
            <param index="0">
              <value>
                <![CDATA[Old]]>
              </value>
            </param>
            <param index="1">
              <value>
                <![CDATA[Krish]]>
              </value>
            </param>
            <param index="2">
              <value>
                <![CDATA[IBM]]>
              </value>
            </param>
            <param index="3">
              <value>
                <![CDATA[6.985621526E9]]>
              </value>
            </param>
            <param index="4">
              <value>
                <![CDATA[100000.0]]>
              </value>
            </param>
          </params>
          <reporter-output>
          </reporter-output>
        </test-method> <!-- CreateNewDealTest -->
        <test-method is-config="true" signature="TearDown()[pri:0, instance:com.CRM.QA.TestCases.DealsPageTest@4f83df68]" started-at="2023-05-11T22:10:34 IST" name="TearDown" finished-at="2023-05-11T22:10:35 IST" duration-ms="246" status="PASS">
          <reporter-output>
          </reporter-output>
        </test-method> <!-- TearDown -->
        <test-method is-config="true" signature="SetUp()[pri:0, instance:com.CRM.QA.TestCases.DealsPageTest@4f83df68]" started-at="2023-05-11T22:10:35 IST" name="SetUp" finished-at="2023-05-11T22:11:18 IST" duration-ms="43521" status="PASS">
          <reporter-output>
          </reporter-output>
        </test-method> <!-- SetUp -->
        <test-method signature="CreateNewDealTest(java.lang.String,java.lang.String,java.lang.String,java.lang.String,java.lang.String)[pri:2, instance:com.CRM.QA.TestCases.DealsPageTest@4f83df68]" started-at="2023-05-11T22:11:18 IST" name="CreateNewDealTest" data-provider="getCRMtestData" finished-at="2023-05-11T22:11:30 IST" duration-ms="11763" status="PASS">
          <params>
            <param index="0">
              <value>
                <![CDATA[New]]>
              </value>
            </param>
            <param index="1">
              <value>
                <![CDATA[Arjun]]>
              </value>
            </param>
            <param index="2">
              <value>
                <![CDATA[TCS]]>
              </value>
            </param>
            <param index="3">
              <value>
                <![CDATA[9.789123258E9]]>
              </value>
            </param>
            <param index="4">
              <value>
                <![CDATA[80000.0]]>
              </value>
            </param>
          </params>
          <reporter-output>
          </reporter-output>
        </test-method> <!-- CreateNewDealTest -->
        <test-method is-config="true" signature="TearDown()[pri:0, instance:com.CRM.QA.TestCases.DealsPageTest@4f83df68]" started-at="2023-05-11T22:11:30 IST" name="TearDown" finished-at="2023-05-11T22:11:30 IST" duration-ms="258" status="PASS">
          <reporter-output>
          </reporter-output>
        </test-method> <!-- TearDown -->
      </class> <!-- com.CRM.QA.TestCases.DealsPageTest -->
      <class name="com.CRM.QA.TestCases.ContactsPageTest">
        <test-method is-config="true" signature="SetUp()[pri:0, instance:com.CRM.QA.TestCases.ContactsPageTest@55183b20]" started-at="2023-05-11T22:06:11 IST" name="SetUp" finished-at="2023-05-11T22:06:55 IST" duration-ms="44897" status="PASS">
          <reporter-output>
          </reporter-output>
        </test-method> <!-- SetUp -->
        <test-method signature="verifyContactLableTest()[pri:1, instance:com.CRM.QA.TestCases.ContactsPageTest@55183b20]" started-at="2023-05-11T22:06:55 IST" name="verifyContactLableTest" finished-at="2023-05-11T22:06:55 IST" duration-ms="46" status="PASS">
          <reporter-output>
          </reporter-output>
        </test-method> <!-- verifyContactLableTest -->
        <test-method is-config="true" signature="TearDown()[pri:0, instance:com.CRM.QA.TestCases.ContactsPageTest@55183b20]" started-at="2023-05-11T22:06:55 IST" name="TearDown" finished-at="2023-05-11T22:06:56 IST" duration-ms="254" status="PASS">
          <reporter-output>
          </reporter-output>
        </test-method> <!-- TearDown -->
        <test-method is-config="true" signature="SetUp()[pri:0, instance:com.CRM.QA.TestCases.ContactsPageTest@55183b20]" started-at="2023-05-11T22:06:56 IST" name="SetUp" finished-at="2023-05-11T22:07:38 IST" duration-ms="42465" status="PASS">
          <reporter-output>
          </reporter-output>
        </test-method> <!-- SetUp -->
        <test-method signature="SelectContactTest()[pri:2, instance:com.CRM.QA.TestCases.ContactsPageTest@55183b20]" started-at="2023-05-11T22:07:38 IST" name="SelectContactTest" finished-at="2023-05-11T22:07:42 IST" duration-ms="3903" status="PASS">
          <reporter-output>
          </reporter-output>
        </test-method> <!-- SelectContactTest -->
        <test-method is-config="true" signature="TearDown()[pri:0, instance:com.CRM.QA.TestCases.ContactsPageTest@55183b20]" started-at="2023-05-11T22:07:42 IST" name="TearDown" finished-at="2023-05-11T22:07:42 IST" duration-ms="234" status="PASS">
          <reporter-output>
          </reporter-output>
        </test-method> <!-- TearDown -->
        <test-method signature="ValidatenewContactTest(java.lang.String,java.lang.String,java.lang.String,java.lang.String)[pri:3, instance:com.CRM.QA.TestCases.ContactsPageTest@55183b20]" started-at="2023-05-11T22:07:43 IST" name="ValidatenewContactTest" data-provider="CRMtestData" finished-at="2023-05-11T22:07:43 IST" duration-ms="0" status="SKIP">
          <exception class="java.lang.RuntimeException">
            <message>
              <![CDATA[java.lang.NullPointerException: Cannot invoke "org.apache.poi.ss.usermodel.Sheet.getLastRowNum()" because "com.CRM.QA.Utile.TestUtilClass.sheet" is null]]>
            </message>
            <full-stacktrace>
              <![CDATA[java.lang.RuntimeException: java.lang.NullPointerException: Cannot invoke "org.apache.poi.ss.usermodel.Sheet.getLastRowNum()" because "com.CRM.QA.Utile.TestUtilClass.sheet" is null
at org.testng.internal.MethodInvocationHelper.invokeMethodNoCheckedException(MethodInvocationHelper.java:50)
at org.testng.internal.MethodInvocationHelper.invokeDataProvider(MethodInvocationHelper.java:146)
at org.testng.internal.Parameters.handleParameters(Parameters.java:798)
at org.testng.internal.Parameters.handleParameters(Parameters.java:740)
at org.testng.internal.ParameterHandler.handleParameters(ParameterHandler.java:59)
at org.testng.internal.ParameterHandler.createParameters(ParameterHandler.java:38)
at org.testng.internal.TestInvoker$MethodInvocationAgent.invoke(TestInvoker.java:791)
at org.testng.internal.TestInvoker.invokeTestMethods(TestInvoker.java:146)
at org.testng.internal.TestMethodWorker.invokeTestMethods(TestMethodWorker.java:146)
at org.testng.internal.TestMethodWorker.run(TestMethodWorker.java:128)
at java.base/java.util.ArrayList.forEach(ArrayList.java:1511)
at org.testng.TestRunner.privateRun(TestRunner.java:794)
at org.testng.TestRunner.run(TestRunner.java:596)
at org.testng.SuiteRunner.runTest(SuiteRunner.java:377)
at org.testng.SuiteRunner.runSequentially(SuiteRunner.java:371)
at org.testng.SuiteRunner.privateRun(SuiteRunner.java:332)
at org.testng.SuiteRunner.run(SuiteRunner.java:276)
at org.testng.SuiteRunnerWorker.runSuite(SuiteRunnerWorker.java:53)
at org.testng.SuiteRunnerWorker.run(SuiteRunnerWorker.java:96)
at org.testng.TestNG.runSuitesSequentially(TestNG.java:1212)
at org.testng.TestNG.runSuitesLocally(TestNG.java:1134)
at org.testng.TestNG.runSuites(TestNG.java:1063)
at org.testng.TestNG.run(TestNG.java:1031)
at org.testng.remote.AbstractRemoteTestNG.run(AbstractRemoteTestNG.java:115)
at org.testng.remote.RemoteTestNG.initAndRun(RemoteTestNG.java:251)
at org.testng.remote.RemoteTestNG.main(RemoteTestNG.java:77)
Caused by: java.lang.NullPointerException: Cannot invoke "org.apache.poi.ss.usermodel.Sheet.getLastRowNum()" because "com.CRM.QA.Utile.TestUtilClass.sheet" is null
at com.CRM.QA.Utile.TestUtilClass.getTestData(TestUtilClass.java:59)
at com.CRM.QA.TestCases.ContactsPageTest.CRMtestData(ContactsPageTest.java:51)
at java.base/jdk.internal.reflect.DirectMethodHandleAccessor.invoke(DirectMethodHandleAccessor.java:104)
at java.base/java.lang.reflect.Method.invoke(Method.java:578)
at org.testng.internal.MethodInvocationHelper.invokeMethod(MethodInvocationHelper.java:133)
at org.testng.internal.MethodInvocationHelper.invokeMethod(MethodInvocationHelper.java:77)
at org.testng.internal.MethodInvocationHelper.invokeMethodNoCheckedException(MethodInvocationHelper.java:46)
... 25 more
]]>
            </full-stacktrace>
          </exception> <!-- java.lang.RuntimeException -->
          <reporter-output>
          </reporter-output>
        </test-method> <!-- ValidatenewContactTest -->
      </class> <!-- com.CRM.QA.TestCases.ContactsPageTest -->
    </test> <!-- Free CRM Test Cases -->
  </suite> <!-- Free CRM Automation Test -->
</testng-results>
